d:\projekti\dsp2\imagedsp\build\vs2015\imagedsp\imagedsp\debug\vc140.pdb
d:\projekti\dsp2\imagedsp\build\vs2015\imagedsp\imagedsp\debug\nxndct.obj
d:\projekti\dsp2\imagedsp\build\vs2015\imagedsp\imagedsp\debug\dct.obj
d:\projekti\dsp2\imagedsp\build\vs2015\imagedsp\imagedsp\debug\universalitemdelegate.obj
d:\projekti\dsp2\imagedsp\build\vs2015\imagedsp\imagedsp\debug\tablemodel.obj
d:\projekti\dsp2\imagedsp\build\vs2015\imagedsp\imagedsp\debug\project.obj
d:\projekti\dsp2\imagedsp\build\vs2015\imagedsp\imagedsp\debug\paramitem.obj
d:\projekti\dsp2\imagedsp\build\vs2015\imagedsp\imagedsp\debug\noisereduction.obj
d:\projekti\dsp2\imagedsp\build\vs2015\imagedsp\imagedsp\debug\mainwindow.obj
d:\projekti\dsp2\imagedsp\build\vs2015\imagedsp\imagedsp\debug\main.obj
d:\projekti\dsp2\imagedsp\build\vs2015\imagedsp\imagedsp\debug\itemwidget.obj
d:\projekti\dsp2\imagedsp\build\vs2015\imagedsp\imagedsp\debug\inimgitem.obj
d:\projekti\dsp2\imagedsp\build\vs2015\imagedsp\imagedsp\debug\imageviewer.obj
d:\projekti\dsp2\imagedsp\build\vs2015\imagedsp\imagedsp\debug\imageprocessing.obj
d:\projekti\dsp2\imagedsp\build\vs2015\imagedsp\imagedsp\debug\imageinterpolation.obj
d:\projekti\dsp2\imagedsp\build\vs2015\imagedsp\imagedsp\debug\imagefilter.obj
d:\projekti\dsp2\imagedsp\build\vs2015\imagedsp\imagedsp\debug\hoveredittriggerlistview.obj
d:\projekti\dsp2\imagedsp\build\vs2015\imagedsp\imagedsp\debug\colorspaces.obj
d:\projekti\dsp2\imagedsp\build\vs2015\imagedsp\imagedsp\debug\moc_universalitemdelegate.obj
d:\projekti\dsp2\imagedsp\build\vs2015\imagedsp\imagedsp\debug\moc_tablemodel.obj
d:\projekti\dsp2\imagedsp\build\vs2015\imagedsp\imagedsp\debug\moc_project.obj
d:\projekti\dsp2\imagedsp\build\vs2015\imagedsp\imagedsp\debug\moc_paramitem.obj
d:\projekti\dsp2\imagedsp\build\vs2015\imagedsp\imagedsp\debug\moc_mainwindow.obj
d:\projekti\dsp2\imagedsp\build\vs2015\imagedsp\imagedsp\debug\moc_itemwidget.obj
d:\projekti\dsp2\imagedsp\build\vs2015\imagedsp\imagedsp\debug\moc_inimgitem.obj
d:\projekti\dsp2\imagedsp\build\vs2015\imagedsp\imagedsp\debug\moc_imageviewer.obj
d:\projekti\dsp2\imagedsp\build\vs2015\imagedsp\imagedsp\debug\moc_hoveredittriggerlistview.obj
d:\projekti\dsp2\imagedsp\build\vs2015\imagedsp\imagedsp\debug\qrc_imagedsp.obj
d:\projekti\dsp2\imagedsp\build\vs2015\imagedsp\imagedsp\generatedfiles\qrc_imagedsp.cpp
d:\projekti\dsp2\imagedsp\build\vs2015\imagedsp\imagedsp\generatedfiles\ui_inimgitem.h
d:\projekti\dsp2\imagedsp\build\vs2015\imagedsp\imagedsp\generatedfiles\ui_mainwindow.h
d:\projekti\dsp2\imagedsp\build\vs2015\imagedsp\imagedsp\generatedfiles\ui_paramitem.h
d:\projekti\dsp2\imagedsp\build\vs2015\imagedsp\imagedsp\debug\imagedsp.tlog\cl.command.1.tlog
d:\projekti\dsp2\imagedsp\build\vs2015\imagedsp\imagedsp\debug\imagedsp.tlog\cl.read.1.tlog
d:\projekti\dsp2\imagedsp\build\vs2015\imagedsp\imagedsp\debug\imagedsp.tlog\cl.write.1.tlog
d:\projekti\dsp2\imagedsp\build\vs2015\imagedsp\imagedsp\debug\imagedsp.tlog\custombuild.command.1.tlog
d:\projekti\dsp2\imagedsp\build\vs2015\imagedsp\imagedsp\debug\imagedsp.tlog\custombuild.read.1.tlog
d:\projekti\dsp2\imagedsp\build\vs2015\imagedsp\imagedsp\debug\imagedsp.tlog\custombuild.write.1.tlog
d:\projekti\dsp2\imagedsp\build\vs2015\imagedsp\imagedsp\debug\imagedsp.tlog\link.command.1.tlog
d:\projekti\dsp2\imagedsp\build\vs2015\imagedsp\imagedsp\debug\imagedsp.tlog\link.read.1.tlog
d:\projekti\dsp2\imagedsp\build\vs2015\imagedsp\imagedsp\debug\imagedsp.tlog\link.write.1.tlog
